<?xml version="1.0" encoding="UTF-8"?>
<!-- Generated by org.testng.reporters.JUnitReportReporter -->
<testsuite hostname="ShubhamYadav" failures="0" tests="1" name="seleniumPrac.Intro" time="5.165" errors="0" timestamp="2023-06-06T21:06:55 IST" skipped="0">
  <testcase classname="seleniumPrac.Intro" name="browserTest" time="5.165"/>
  <system-out/>
</testsuite> <!-- seleniumPrac.Intro -->
