<?xml version="1.0" encoding="UTF-8"?>
<!-- Generated by org.testng.reporters.JUnitReportReporter -->
<testsuite hostname="ShubhamYadav" failures="0" tests="1" name="seleniumPrac.Intro" time="6.124" errors="0" timestamp="11 Jun 2023 17:24:45 GMT">
  <testcase classname="seleniumPrac.Intro" name="browserTest" time="6.124"/>
</testsuite> <!-- seleniumPrac.Intro -->
